<?xml version="1.0" encoding="UTF-8"?>
<testng-results ignored="0" total="1" passed="1" failed="0" skipped="0">
  <reporter-output>
  </reporter-output>
  <suite started-at="2023-08-19T21:57:25 IST" name="Default suite" finished-at="2023-08-19T21:57:32 IST" duration-ms="6563">
    <groups>
      <group name="cucumber">
        <method signature="AbstractTestNGCucumberTests.runScenario(io.cucumber.testng.PickleWrapper,io.cucumber.testng.FeatureWrapper)[pri:0, instance:com.Api.GitHub.Runner.RunnerTest@d5b810e]" name="runScenario" class="io.cucumber.testng.AbstractTestNGCucumberTests"/>
      </group> <!-- cucumber -->
    </groups>
    <test started-at="2023-08-19T21:57:25 IST" name="Default test" finished-at="2023-08-19T21:57:32 IST" duration-ms="6563">
      <class name="com.Api.GitHub.Runner.RunnerTest">
        <test-method is-config="true" signature="setUpClass()[pri:0, instance:com.Api.GitHub.Runner.RunnerTest@d5b810e]" started-at="2023-08-19T21:57:25 IST" name="setUpClass" finished-at="2023-08-19T21:57:25 IST" duration-ms="333" status="PASS">
          <reporter-output>
          </reporter-output>
        </test-method> <!-- setUpClass -->
        <test-method signature="runScenario(io.cucumber.testng.PickleWrapper,io.cucumber.testng.FeatureWrapper)[pri:0, instance:com.Api.GitHub.Runner.RunnerTest@d5b810e]" started-at="2023-08-19T21:57:25 IST" name="runScenario" description="Runs Cucumber Scenarios" data-provider="scenarios" finished-at="2023-08-19T21:57:32 IST" duration-ms="6151" status="PASS">
          <params>
            <param index="0">
              <value>
                <![CDATA["Validate Created Repository by using HTTP Post Request"]]>
              </value>
            </param>
            <param index="1">
              <value>
                <![CDATA["Optional[Test End to End flow of Git Hub Repository]"]]>
              </value>
            </param>
          </params>
          <reporter-output>
          </reporter-output>
        </test-method> <!-- runScenario -->
        <test-method is-config="true" signature="tearDownClass()[pri:0, instance:com.Api.GitHub.Runner.RunnerTest@d5b810e]" started-at="2023-08-19T21:57:32 IST" name="tearDownClass" finished-at="2023-08-19T21:57:32 IST" duration-ms="20" status="PASS">
          <reporter-output>
          </reporter-output>
        </test-method> <!-- tearDownClass -->
      </class> <!-- com.Api.GitHub.Runner.RunnerTest -->
    </test> <!-- Default test -->
  </suite> <!-- Default suite -->
</testng-results>
