<?xml version="1.0" encoding="UTF-8"?>
<testng-results ignored="0" total="4" passed="4" failed="0" skipped="0">
  <reporter-output>
  </reporter-output>
  <suite started-at="2023-08-24T21:11:29 IST" name="Default suite" finished-at="2023-08-24T21:11:36 IST" duration-ms="7654">
    <groups>
      <group name="cucumber">
        <method signature="AbstractTestNGCucumberTests.runScenario(io.cucumber.testng.PickleWrapper,io.cucumber.testng.FeatureWrapper)[pri:0, instance:com.Api.GitHub.Runner.RunnerTest@26e356f0]" name="runScenario" class="io.cucumber.testng.AbstractTestNGCucumberTests"/>
      </group> <!-- cucumber -->
    </groups>
    <test started-at="2023-08-24T21:11:29 IST" name="Default test" finished-at="2023-08-24T21:11:36 IST" duration-ms="7654">
      <class name="com.Api.GitHub.Runner.RunnerTest">
        <test-method is-config="true" signature="setUpClass()[pri:0, instance:com.Api.GitHub.Runner.RunnerTest@26e356f0]" started-at="2023-08-24T21:11:29 IST" name="setUpClass" finished-at="2023-08-24T21:11:29 IST" duration-ms="434" status="PASS">
          <reporter-output>
          </reporter-output>
        </test-method> <!-- setUpClass -->
        <test-method signature="runScenario(io.cucumber.testng.PickleWrapper,io.cucumber.testng.FeatureWrapper)[pri:0, instance:com.Api.GitHub.Runner.RunnerTest@26e356f0]" started-at="2023-08-24T21:11:29 IST" name="runScenario" description="Runs Cucumber Scenarios" data-provider="scenarios" finished-at="2023-08-24T21:11:34 IST" duration-ms="5151" status="PASS">
          <params>
            <param index="0">
              <value>
                <![CDATA["Validate Created Repository by using HTTP Post Request"]]>
              </value>
            </param>
            <param index="1">
              <value>
                <![CDATA["Optional[Test End to End flow of Git Hub Repository]"]]>
              </value>
            </param>
          </params>
          <reporter-output>
          </reporter-output>
        </test-method> <!-- runScenario -->
        <test-method signature="runScenario(io.cucumber.testng.PickleWrapper,io.cucumber.testng.FeatureWrapper)[pri:0, instance:com.Api.GitHub.Runner.RunnerTest@26e356f0]" started-at="2023-08-24T21:11:34 IST" name="runScenario" description="Runs Cucumber Scenarios" data-provider="scenarios" finished-at="2023-08-24T21:11:35 IST" duration-ms="776" status="PASS">
          <params>
            <param index="0">
              <value>
                <![CDATA["Validate Created Repository by using HTTP Get Request"]]>
              </value>
            </param>
            <param index="1">
              <value>
                <![CDATA["Optional[Test End to End flow of Git Hub Repository]"]]>
              </value>
            </param>
          </params>
          <reporter-output>
          </reporter-output>
        </test-method> <!-- runScenario -->
        <test-method signature="runScenario(io.cucumber.testng.PickleWrapper,io.cucumber.testng.FeatureWrapper)[pri:0, instance:com.Api.GitHub.Runner.RunnerTest@26e356f0]" started-at="2023-08-24T21:11:35 IST" name="runScenario" description="Runs Cucumber Scenarios" data-provider="scenarios" finished-at="2023-08-24T21:11:36 IST" duration-ms="712" status="PASS">
          <params>
            <param index="0">
              <value>
                <![CDATA["Validate Created Repository by using HTTP Delete Request"]]>
              </value>
            </param>
            <param index="1">
              <value>
                <![CDATA["Optional[Test End to End flow of Git Hub Repository]"]]>
              </value>
            </param>
          </params>
          <reporter-output>
          </reporter-output>
        </test-method> <!-- runScenario -->
        <test-method signature="runScenario(io.cucumber.testng.PickleWrapper,io.cucumber.testng.FeatureWrapper)[pri:0, instance:com.Api.GitHub.Runner.RunnerTest@26e356f0]" started-at="2023-08-24T21:11:36 IST" name="runScenario" description="Runs Cucumber Scenarios" data-provider="scenarios" finished-at="2023-08-24T21:11:36 IST" duration-ms="507" status="PASS">
          <params>
            <param index="0">
              <value>
                <![CDATA["Validate Created Repository by using HTTP Get Request"]]>
              </value>
            </param>
            <param index="1">
              <value>
                <![CDATA["Optional[Test End to End flow of Git Hub Repository]"]]>
              </value>
            </param>
          </params>
          <reporter-output>
          </reporter-output>
        </test-method> <!-- runScenario -->
        <test-method is-config="true" signature="tearDownClass()[pri:0, instance:com.Api.GitHub.Runner.RunnerTest@26e356f0]" started-at="2023-08-24T21:11:36 IST" name="tearDownClass" finished-at="2023-08-24T21:11:36 IST" duration-ms="22" status="PASS">
          <reporter-output>
          </reporter-output>
        </test-method> <!-- tearDownClass -->
      </class> <!-- com.Api.GitHub.Runner.RunnerTest -->
    </test> <!-- Default test -->
  </suite> <!-- Default suite -->
</testng-results>
