<?xml version="1.0" encoding="UTF-8"?>
<testng-results ignored="0" total="0" passed="0" failed="0" skipped="0">
  <reporter-output>
  </reporter-output>
  <suite started-at="2023-04-25T19:59:12 IST" name="com.Api.GitHub.Runner.RunnerTest" finished-at="2023-04-25T19:59:12 IST" duration-ms="15">
    <groups>
    </groups>
    <test started-at="2023-04-25T19:59:12 IST" name="Command line test" finished-at="2023-04-25T19:59:12 IST" duration-ms="15">
    </test> <!-- Command line test -->
  </suite> <!-- com.Api.GitHub.Runner.RunnerTest -->
</testng-results>
